Performing C++ SOURCE FILE Test CMAKE_HAVE_LIBC_PTHREAD failed with the following output:
Change Dir: /home/cs1c/cs1c_course/group_project/Class-Project-Assignment---2D-Graphics-Modeler-Inc./build-LoginSystem-Desktop_Qt_6_3_0_GCC_64bit-Debug/CMakeFiles/CMakeTmp

Run Build Command(s):/usr/bin/make cmTC_97c30/fast && /usr/bin/make -f CMakeFiles/cmTC_97c30.dir/build.make CMakeFiles/cmTC_97c30.dir/build
make[1]: Entering directory '/home/cs1c/cs1c_course/group_project/Class-Project-Assignment---2D-Graphics-Modeler-Inc./build-LoginSystem-Desktop_Qt_6_3_0_GCC_64bit-Debug/CMakeFiles/CMakeTmp'
Building CXX object CMakeFiles/cmTC_97c30.dir/src.cxx.o
/usr/bin/g++    -DCMAKE_HAVE_LIBC_PTHREAD   -std=gnu++17 -o CMakeFiles/cmTC_97c30.dir/src.cxx.o -c /home/cs1c/cs1c_course/group_project/Class-Project-Assignment---2D-Graphics-Modeler-Inc./build-LoginSystem-Desktop_Qt_6_3_0_GCC_64bit-Debug/CMakeFiles/CMakeTmp/src.cxx
Linking CXX executable cmTC_97c30
/usr/bin/cmake -E cmake_link_script CMakeFiles/cmTC_97c30.dir/link.txt --verbose=1
/usr/bin/g++   -DCMAKE_HAVE_LIBC_PTHREAD    CMakeFiles/cmTC_97c30.dir/src.cxx.o  -o cmTC_97c30 
/usr/bin/ld: CMakeFiles/cmTC_97c30.dir/src.cxx.o: in function `main':
src.cxx:(.text+0x46): undefined reference to `pthread_create'
/usr/bin/ld: src.cxx:(.text+0x52): undefined reference to `pthread_detach'
/usr/bin/ld: src.cxx:(.text+0x63): undefined reference to `pthread_join'
collect2: error: ld returned 1 exit status
make[1]: *** [CMakeFiles/cmTC_97c30.dir/build.make:87: cmTC_97c30] Error 1
make[1]: Leaving directory '/home/cs1c/cs1c_course/group_project/Class-Project-Assignment---2D-Graphics-Modeler-Inc./build-LoginSystem-Desktop_Qt_6_3_0_GCC_64bit-Debug/CMakeFiles/CMakeTmp'
make: *** [Makefile:121: cmTC_97c30/fast] Error 2


Source file was:
#include <pthread.h>

void* test_func(void* data)
{
  return data;
}

int main(void)
{
  pthread_t thread;
  pthread_create(&thread, NULL, test_func, NULL);
  pthread_detach(thread);
  pthread_join(thread, NULL);
  pthread_atfork(NULL, NULL, NULL);
  pthread_exit(NULL);

  return 0;
}

